#
# There is insufficient memory for the Java Runtime Environment to continue.
# Native memory allocation (malloc) failed to allocate 1048576 bytes for AllocateHeap
# Possible reasons:
#   The system is out of physical RAM or swap space
#   In 32 bit mode, the process size limit was hit
# Possible solutions:
#   Reduce memory load on the system
#   Increase physical memory or swap space
#   Check if swap backing store is full
#   Use 64 bit Java on a 64 bit OS
#   Decrease Java heap size (-Xmx/-Xms)
#   Decrease number of Java threads
#   Decrease Java thread stack sizes (-Xss)
#   Set larger code cache with -XX:ReservedCodeCacheSize=
# This output file may be truncated or incomplete.
#
#  Out of Memory Error (memory/allocation.inline.hpp:61), pid=33696, tid=0x0000000000008570
#
# JRE version:  (8.0_121-b13) (build )
# Java VM: Java HotSpot(TM) 64-Bit Server VM (25.121-b13 mixed mode windows-amd64 compressed oops)
# Failed to write core dump. Minidumps are not enabled by default on client versions of Windows
#

---------------  T H R E A D  ---------------

Current thread (0x00000000036a7000):  JavaThread "Unknown thread" [_thread_in_vm, id=34160, stack(0x00000000034f0000,0x00000000035f0000)]

Stack: [0x00000000034f0000,0x00000000035f0000]
[error occurred during error reporting (printing stack bounds), id 0xc0000005]

Native frames: (J=compiled Java code, j=interpreted, Vv=VM code, C=native code)


---------------  P R O C E S S  ---------------

Java Threads: ( => current thread )

Other Threads:

=>0x00000000036a7000 (exited) JavaThread "Unknown thread" [_thread_in_vm, id=34160, stack(0x00000000034f0000,0x00000000035f0000)]

VM state:not at safepoint (normal execution)

VM Mutex/Monitor currently owned by a thread: None

Heap:
 PSYoungGen      total 38400K, used 665K [0x00000000d5580000, 0x00000000d8000000, 0x0000000100000000)
  eden space 33280K, 2% used [0x00000000d5580000,0x00000000d5626670,0x00000000d7600000)
  from space 5120K, 0% used [0x00000000d7b00000,0x00000000d7b00000,0x00000000d8000000)
  to   space 5120K, 0% used [0x00000000d7600000,0x00000000d7600000,0x00000000d7b00000)
 ParOldGen       total 87552K, used 0K [0x0000000080000000, 0x0000000085580000, 0x00000000d5580000)
  object space 87552K, 0% used [0x0000000080000000,0x0000000080000000,0x0000000085580000)
 Metaspace       used 746K, capacity 4480K, committed 4480K, reserved 1056768K
  class space    used 75K, capacity 384K, committed 384K, reserved 1048576K

Card table byte_map: [0x0000000012b60000,0x0000000012f70000] byte_map_base: 0x0000000012760000

Marking Bits: (ParMarkBitMap*) 0x000000007534b6d0
 Begin Bits: [0x0000000013620000, 0x0000000015620000)
 End Bits:   [0x0000000015620000, 0x0000000017620000)

Polling page: 0x00000000035f0000

CodeCache: size=245760Kb used=328Kb max_used=328Kb free=245431Kb
 bounds [0x00000000037a0000, 0x0000000003a10000, 0x00000000127a0000]
 total_blobs=57 nmethods=0 adapters=38
 compilation: enabled

Compilation events (0 events):
No events

GC Heap History (0 events):
No events

Deoptimization events (0 events):
No events

Internal exceptions (0 events):
No events

Events (10 events):
Event: 0.035 loading class java/lang/Short
Event: 0.035 loading class java/lang/Short done
Event: 0.035 loading class java/lang/Integer
Event: 0.036 loading class java/lang/Integer done
Event: 0.036 loading class java/lang/Long
Event: 0.037 loading class java/lang/Long done
Event: 0.038 loading class java/lang/NullPointerException
Event: 0.038 loading class java/lang/NullPointerException done
Event: 0.038 loading class java/lang/ArithmeticException
Event: 0.038 loading class java/lang/ArithmeticException done


Dynamic libraries:
0x00007ff669060000 - 0x00007ff669097000 	C:\Program Files\Java\jre1.8.0_121\bin\javaw.exe
0x00007ffff2f10000 - 0x00007ffff30f1000 	C:\WINDOWS\SYSTEM32\ntdll.dll
0x00007ffff0b20000 - 0x00007ffff0bd2000 	C:\WINDOWS\System32\KERNEL32.DLL
0x00007fffef3d0000 - 0x00007fffef643000 	C:\WINDOWS\System32\KERNELBASE.dll
0x00007ffff05f0000 - 0x00007ffff0691000 	C:\WINDOWS\System32\ADVAPI32.dll
0x00007ffff0be0000 - 0x00007ffff0c7e000 	C:\WINDOWS\System32\msvcrt.dll
0x00007ffff0e40000 - 0x00007ffff0e9b000 	C:\WINDOWS\System32\sechost.dll
0x00007ffff12b0000 - 0x00007ffff13d4000 	C:\WINDOWS\System32\RPCRT4.dll
0x00007ffff10b0000 - 0x00007ffff1240000 	C:\WINDOWS\System32\USER32.dll
0x00007ffff0060000 - 0x00007ffff0080000 	C:\WINDOWS\System32\win32u.dll
0x00007ffff0440000 - 0x00007ffff0468000 	C:\WINDOWS\System32\GDI32.dll
0x00007fffefe60000 - 0x00007fffefff2000 	C:\WINDOWS\System32\gdi32full.dll
0x00007fffef2e0000 - 0x00007fffef37f000 	C:\WINDOWS\System32\msvcp_win.dll
0x00007fffefd60000 - 0x00007fffefe5a000 	C:\WINDOWS\System32\ucrtbase.dll
0x00007fffed460000 - 0x00007fffed6c9000 	C:\WINDOWS\WinSxS\amd64_microsoft.windows.common-controls_6595b64144ccf1df_6.0.17134.286_none_fb43982d306480cc\COMCTL32.dll
0x00007ffff2b40000 - 0x00007ffff2e63000 	C:\WINDOWS\System32\combase.dll
0x00007ffff0080000 - 0x00007ffff00fa000 	C:\WINDOWS\System32\bcryptPrimitives.dll
0x00007ffff06a0000 - 0x00007ffff06cd000 	C:\WINDOWS\System32\IMM32.DLL
0x00007fffef0c0000 - 0x00007fffef11d000 	C:\Program Files\Citrix\System32\MfApHook64.dll
0x00007fffee820000 - 0x00007fffee84b000 	C:\Program Files\Citrix\ICAService\CtxDodHook64.dll
0x00007fffeefe0000 - 0x00007fffef012000 	C:\Program Files\Citrix\ICAService\picaFullScreenHookX64.dll
0x00007fffeea20000 - 0x00007fffeea6e000 	C:\Program Files\Citrix\ICAService\ShellHook64.dll
0x00007ffff1700000 - 0x00007ffff2b40000 	C:\WINDOWS\System32\SHELL32.dll
0x00007fffef380000 - 0x00007fffef3c9000 	C:\WINDOWS\System32\cfgmgr32.dll
0x00007ffff1000000 - 0x00007ffff10a9000 	C:\WINDOWS\System32\shcore.dll
0x00007fffef650000 - 0x00007fffefd5d000 	C:\WINDOWS\System32\windows.storage.dll
0x00007ffff1250000 - 0x00007ffff12a1000 	C:\WINDOWS\System32\shlwapi.dll
0x00007fffef2a0000 - 0x00007fffef2b1000 	C:\WINDOWS\System32\kernel.appcore.dll
0x00007fffef270000 - 0x00007fffef28f000 	C:\WINDOWS\System32\profapi.dll
0x00007fffef220000 - 0x00007fffef26c000 	C:\WINDOWS\System32\powrprof.dll
0x00007fffef290000 - 0x00007fffef29a000 	C:\WINDOWS\System32\FLTLIB.DLL
0x00007fffee850000 - 0x00007fffee9cc000 	C:\Program Files\Citrix\ICAService\SCardHook64.dll
0x00007fffee520000 - 0x00007fffee54a000 	C:\Program Files\Citrix\ICAService\cxinjime64.dll
0x00007fffee4d0000 - 0x00007fffee518000 	C:\Program Files\Citrix\ICAService\PicaWtsHook64.dll
0x0000000074600000 - 0x00000000746d2000 	C:\Program Files\Java\jre1.8.0_121\bin\msvcr100.dll
0x0000000074b30000 - 0x00000000753cb000 	C:\Program Files\Java\jre1.8.0_121\bin\server\jvm.dll
0x00007ffff16f0000 - 0x00007ffff16f8000 	C:\WINDOWS\System32\PSAPI.DLL
0x00007fffeeed0000 - 0x00007fffeeeda000 	C:\WINDOWS\SYSTEM32\VERSION.dll
0x00007fffebd80000 - 0x00007fffebda3000 	C:\WINDOWS\SYSTEM32\WINMM.dll
0x00007fffebd50000 - 0x00007fffebd7a000 	C:\WINDOWS\SYSTEM32\WINMMBASE.dll
0x00007fffde5b0000 - 0x00007fffde5b9000 	C:\WINDOWS\SYSTEM32\WSOCK32.dll
0x00007ffff0ce0000 - 0x00007ffff0d4c000 	C:\WINDOWS\System32\WS2_32.dll
0x0000000075540000 - 0x000000007554f000 	C:\Program Files\Java\jre1.8.0_121\bin\verify.dll
0x0000000075510000 - 0x0000000075539000 	C:\Program Files\Java\jre1.8.0_121\bin\java.dll
0x0000000074b10000 - 0x0000000074b26000 	C:\Program Files\Java\jre1.8.0_121\bin\zip.dll

VM Arguments:
jvm_args: -Dcom.sun.management.jmxremote -Dcom.sun.management.jmxremote.port=51932 -Dcom.sun.management.jmxremote.authenticate=false -Dcom.sun.management.jmxremote.ssl=false -Djava.rmi.server.hostname=localhost -Dspring.liveBeansView.mbeanDomain -Dspring.application.admin.enabled=true -Xverify:none -XX:TieredStopAtLevel=1 -Dfile.encoding=UTF-8 
java_command: com.cg.ecdm.ExpenseClaimDetailsModuleApplication --spring.output.ansi.enabled=always
java_class_path (initial): C:\Users\anabajpa\Desktop\FAQ\plp\demo\target\classes;C:\Users\anabajpa\.m2\repository\org\springframework\boot\spring-boot-starter-web\2.1.1.RELEASE\spring-boot-starter-web-2.1.1.RELEASE.jar;C:\Users\anabajpa\.m2\repository\org\springframework\boot\spring-boot-starter\2.1.1.RELEASE\spring-boot-starter-2.1.1.RELEASE.jar;C:\Users\anabajpa\.m2\repository\org\springframework\boot\spring-boot\2.1.1.RELEASE\spring-boot-2.1.1.RELEASE.jar;C:\Users\anabajpa\.m2\repository\org\springframework\boot\spring-boot-autoconfigure\2.1.1.RELEASE\spring-boot-autoconfigure-2.1.1.RELEASE.jar;C:\Users\anabajpa\.m2\repository\org\springframework\boot\spring-boot-starter-logging\2.1.1.RELEASE\spring-boot-starter-logging-2.1.1.RELEASE.jar;C:\Users\anabajpa\.m2\repository\ch\qos\logback\logback-classic\1.2.3\logback-classic-1.2.3.jar;C:\Users\anabajpa\.m2\repository\ch\qos\logback\logback-core\1.2.3\logback-core-1.2.3.jar;C:\Users\anabajpa\.m2\repository\org\apache\logging\log4j\log4j-to-slf4j\2.11.1\log4j-to-slf4j-2.11.1.jar;C:\Users\anabajpa\.m2\repository\org\apache\logging\log4j\log4j-api\2.11.1\log4j-api-2.11.1.jar;C:\Users\anabajpa\.m2\repository\org\slf4j\jul-to-slf4j\1.7.25\jul-to-slf4j-1.7.25.jar;C:\Users\anabajpa\.m2\repository\javax\annotation\javax.annotation-api\1.3.2\javax.annotation-api-1.3.2.jar;C:\Users\anabajpa\.m2\repository\org\yaml\snakeyaml\1.23\snakeyaml-1.23.jar;C:\Users\anabajpa\.m2\repository\org\springframework\boot\spring-boot-starter-json\2.1.1.RELEASE\spring-boot-starter-json-2.1.1.RELEASE.jar;C:\Users\anabajpa\.m2\repository\com\fasterxml\jackson\core\jackson-databind\2.9.7\jackson-databind-2.9.7.jar;C:\Users\anabajpa\.m2\repository\com\fasterxml\jackson\datatype\jackson-datatype-jdk8\2.9.7\jackson-datatype-jdk8-2.9.7.jar;C:\Users\anabajpa\.m2\repository\com\fasterxml\jackson\datatype\jackson-datatype-jsr310\2.9.7\jackson-datatype-jsr310-2.9.7.jar;C:\Users\anabajpa\.m2\repository\com\fasterxml\jackson\module\jackson-module-parameter
Launcher Type: SUN_STANDARD

Environment Variables:
PATH=C:/Program Files/Java/jre1.8.0_121/bin/server;C:/Program Files/Java/jre1.8.0_121/bin;C:/Program Files/Java/jre1.8.0_121/lib/amd64;C:\Python34\;C:\Python34\Scripts;C:\oraclexe\app\oracle\product\11.2.0\server\bin;C:\ProgramData\Oracle\Java\javapath;C:\WINDOWS\system32;C:\WINDOWS;C:\WINDOWS\System32\Wbem;C:\WINDOWS\System32\WindowsPowerShell\v1.0\;C:\Program Files\TortoiseSVN\bin;C:\Program Files\Git\cmd;C:\Program Files (x86)\Microsoft SQL Server\110\Tools\Binn\ManagementStudio\;C:\Program Files (x86)\Microsoft SQL Server\110\Tools\Binn\;C:\Program Files (x86)\Microsoft SQL Server\110\DTS\Binn\;C:\Program Files\Citrix\System32\;C:\Program Files\Citrix\ICAService\;C:\WINDOWS\System32\OpenSSH\;C:\Program Files\nodejs\;C:\Users\anabajpa\AppData\Local\Microsoft\WindowsApps;C:\Users\anabajpa\AppData\Roaming\npm;C:\Users\anabajpa\Desktop\newsts\sts-bundle\sts-3.9.6.RELEASE;
USERNAME=anabajpa
OS=Windows_NT
PROCESSOR_IDENTIFIER=Intel64 Family 15 Model 6 Stepping 1, GenuineIntel



---------------  S Y S T E M  ---------------

OS: Windows 10.0 , 64 bit Build 17134 (10.0.17134.1)

CPU:total 4 (2 cores per cpu, 1 threads per core) family 15 model 6 stepping 1, cmov, cx8, fxsr, mmx, sse, sse2, sse3, ssse3, sse4.1, sse4.2, popcnt, avx, avx2, aes, clmul, erms, rtm, 3dnowpref, lzcnt, tsc, bmi1, bmi2, adx

Memory: 4k page, physical 8388056k(990456k free), swap 18697820k(5160k free)

vm_info: Java HotSpot(TM) 64-Bit Server VM (25.121-b13) for windows-amd64 JRE (1.8.0_121-b13), built on Dec 12 2016 18:21:36 by "java_re" with MS VC++ 10.0 (VS2010)

time: Tue Dec 11 17:34:18 2018
elapsed time: 0 seconds (0d 0h 0m 0s)

