#
# There is insufficient memory for the Java Runtime Environment to continue.
# Native memory allocation (malloc) failed to allocate 32744 bytes for ChunkPool::allocate
# Possible reasons:
#   The system is out of physical RAM or swap space
#   In 32 bit mode, the process size limit was hit
# Possible solutions:
#   Reduce memory load on the system
#   Increase physical memory or swap space
#   Check if swap backing store is full
#   Use 64 bit Java on a 64 bit OS
#   Decrease Java heap size (-Xmx/-Xms)
#   Decrease number of Java threads
#   Decrease Java thread stack sizes (-Xss)
#   Set larger code cache with -XX:ReservedCodeCacheSize=
# This output file may be truncated or incomplete.
#
#  Out of Memory Error (allocation.cpp:273), pid=26200, tid=0x0000000000008264
#
# JRE version: Java(TM) SE Runtime Environment (8.0_121-b13) (build 1.8.0_121-b13)
# Java VM: Java HotSpot(TM) 64-Bit Server VM (25.121-b13 mixed mode windows-amd64 compressed oops)
# Failed to write core dump. Minidumps are not enabled by default on client versions of Windows
#

---------------  T H R E A D  ---------------

Current thread (0x0000000003197000):  JavaThread "main" [_thread_in_vm, id=33380, stack(0x0000000003090000,0x0000000003190000)]

Stack: [0x0000000003090000,0x0000000003190000]
[error occurred during error reporting (printing stack bounds), id 0xc0000005]

Native frames: (J=compiled Java code, j=interpreted, Vv=VM code, C=native code)

Java frames: (J=compiled Java code, j=interpreted, Vv=VM code)
J 1618  sun.misc.Unsafe.defineAnonymousClass(Ljava/lang/Class;[B[Ljava/lang/Object;)Ljava/lang/Class; (0 bytes) @ 0x00000000036256fc [0x0000000003625680+0x7c]
j  java.lang.invoke.InnerClassLambdaMetafactory.spinInnerClass()Ljava/lang/Class;+511
j  java.lang.invoke.InnerClassLambdaMetafactory.buildCallSite()Ljava/lang/invoke/CallSite;+1
j  java.lang.invoke.LambdaMetafactory.metafactory(Ljava/lang/invoke/MethodHandles$Lookup;Ljava/lang/String;Ljava/lang/invoke/MethodType;Ljava/lang/invoke/MethodType;Ljava/lang/invoke/MethodHandle;Ljava/lang/invoke/MethodType;)Ljava/lang/invoke/CallSite;+31
j  java.lang.invoke.LambdaForm$DMH.invokeStatic_L6_L(Ljava/lang/Object;Ljava/lang/Object;Ljava/lang/Object;Ljava/lang/Object;Ljava/lang/Object;Ljava/lang/Object;Ljava/lang/Object;)Ljava/lang/Object;+20
j  java.lang.invoke.LambdaForm$BMH.reinvoke(Ljava/lang/Object;Ljava/lang/Object;Ljava/lang/Object;Ljava/lang/Object;Ljava/lang/Object;Ljava/lang/Object;Ljava/lang/Object;)Ljava/lang/Object;+85
j  java.lang.invoke.LambdaForm$MH.invoke_MT(Ljava/lang/Object;Ljava/lang/Object;Ljava/lang/Object;Ljava/lang/Object;Ljava/lang/Object;Ljava/lang/Object;Ljava/lang/Object;Ljava/lang/Object;)Ljava/lang/Object;+30
j  java.lang.invoke.CallSite.makeSite(Ljava/lang/invoke/MethodHandle;Ljava/lang/String;Ljava/lang/invoke/MethodType;Ljava/lang/Object;Ljava/lang/Class;)Ljava/lang/invoke/CallSite;+184
j  java.lang.invoke.MethodHandleNatives.linkCallSiteImpl(Ljava/lang/Class;Ljava/lang/invoke/MethodHandle;Ljava/lang/String;Ljava/lang/invoke/MethodType;Ljava/lang/Object;[Ljava/lang/Object;)Ljava/lang/invoke/MemberName;+6
j  java.lang.invoke.MethodHandleNatives.linkCallSite(Ljava/lang/Object;Ljava/lang/Object;Ljava/lang/Object;Ljava/lang/Object;Ljava/lang/Object;[Ljava/lang/Object;)Ljava/lang/invoke/MemberName;+45
v  ~StubRoutines::call_stub
j  org.springframework.boot.autoconfigure.AutoConfigurationSorter.getInPriorityOrder(Ljava/util/Collection;)Ljava/util/List;+32
j  org.springframework.boot.autoconfigure.AutoConfigurationImportSelector$AutoConfigurationGroup.sortAutoConfigurations(Ljava/util/Set;Lorg/springframework/boot/autoconfigure/AutoConfigurationMetadata;)Ljava/util/List;+13
j  org.springframework.boot.autoconfigure.AutoConfigurationImportSelector$AutoConfigurationGroup.selectImports()Ljava/lang/Iterable;+117
j  org.springframework.context.annotation.ConfigurationClassParser$DeferredImportSelectorGrouping.getImports()Ljava/lang/Iterable;+56
j  org.springframework.context.annotation.ConfigurationClassParser$DeferredImportSelectorGroupingHandler.processGroupImports()V+35
j  org.springframework.context.annotation.ConfigurationClassParser$DeferredImportSelectorHandler.process()V+54
j  org.springframework.context.annotation.ConfigurationClassParser.parse(Ljava/util/Set;)V+171
j  org.springframework.context.annotation.ConfigurationClassPostProcessor.processConfigBeanDefinitions(Lorg/springframework/beans/factory/support/BeanDefinitionRegistry;)V+298
j  org.springframework.context.annotation.ConfigurationClassPostProcessor.postProcessBeanDefinitionRegistry(Lorg/springframework/beans/factory/support/BeanDefinitionRegistry;)V+107
j  org.springframework.context.support.PostProcessorRegistrationDelegate.invokeBeanDefinitionRegistryPostProcessors(Ljava/util/Collection;Lorg/springframework/beans/factory/support/BeanDefinitionRegistry;)V+28
j  org.springframework.context.support.PostProcessorRegistrationDelegate.invokeBeanFactoryPostProcessors(Lorg/springframework/beans/factory/config/ConfigurableListableBeanFactory;Ljava/util/List;)V+229
j  org.springframework.context.support.AbstractApplicationContext.invokeBeanFactoryPostProcessors(Lorg/springframework/beans/factory/config/ConfigurableListableBeanFactory;)V+5
j  org.springframework.context.support.AbstractApplicationContext.refresh()V+28
j  org.springframework.boot.web.servlet.context.ServletWebServerApplicationContext.refresh()V+1
j  org.springframework.boot.SpringApplication.refresh(Lorg/springframework/context/ApplicationContext;)V+10
j  org.springframework.boot.SpringApplication.refreshContext(Lorg/springframework/context/ConfigurableApplicationContext;)V+2
j  org.springframework.boot.SpringApplication.run([Ljava/lang/String;)Lorg/springframework/context/ConfigurableApplicationContext;+118
j  org.springframework.boot.SpringApplication.run([Ljava/lang/Class;[Ljava/lang/String;)Lorg/springframework/context/ConfigurableApplicationContext;+9
j  org.springframework.boot.SpringApplication.run(Ljava/lang/Class;[Ljava/lang/String;)Lorg/springframework/context/ConfigurableApplicationContext;+9
j  com.cg.ecdm.ExpenseClaimDetailsModuleApplication.main([Ljava/lang/String;)V+3
v  ~StubRoutines::call_stub

---------------  P R O C E S S  ---------------

Java Threads: ( => current thread )
  0x000000001a166800 JavaThread "JMX server connection timeout 17" daemon [_thread_blocked, id=26864, stack(0x000000001ad40000,0x000000001ae40000)]
  0x000000001a153800 JavaThread "RMI TCP Connection(2)-127.0.0.1" daemon [_thread_in_native, id=33204, stack(0x000000001ab00000,0x000000001ac00000)]
  0x000000001a150800 JavaThread "RMI Scheduler(0)" daemon [_thread_blocked, id=32644, stack(0x000000001aa00000,0x000000001ab00000)]
  0x000000001a0f3800 JavaThread "RMI TCP Connection(1)-127.0.0.1" daemon [_thread_in_native, id=5764, stack(0x000000001a900000,0x000000001aa00000)]
  0x000000001a0a9000 JavaThread "RMI TCP Accept-0" daemon [_thread_in_native, id=31776, stack(0x000000001a700000,0x000000001a800000)]
  0x000000001a09d000 JavaThread "RMI TCP Accept-51940" daemon [_thread_in_native, id=8012, stack(0x000000001a600000,0x000000001a700000)]
  0x000000001a08f800 JavaThread "RMI TCP Accept-0" daemon [_thread_in_native, id=16924, stack(0x000000001a500000,0x000000001a600000)]
  0x0000000019830800 JavaThread "Service Thread" daemon [_thread_blocked, id=29360, stack(0x0000000019c00000,0x0000000019d00000)]
  0x0000000017ebf800 JavaThread "C1 CompilerThread2" daemon [_thread_in_native, id=31756, stack(0x0000000019700000,0x0000000019800000)]
  0x0000000017eb9000 JavaThread "C2 CompilerThread1" daemon [_thread_blocked, id=17632, stack(0x0000000019600000,0x0000000019700000)]
  0x0000000017eb6800 JavaThread "C2 CompilerThread0" daemon [_thread_blocked, id=33552, stack(0x0000000019500000,0x0000000019600000)]
  0x0000000017eb5000 JavaThread "Attach Listener" daemon [_thread_blocked, id=32976, stack(0x0000000019400000,0x0000000019500000)]
  0x0000000017eb4000 JavaThread "Signal Dispatcher" daemon [_thread_blocked, id=1656, stack(0x0000000019300000,0x0000000019400000)]
  0x0000000017ea0000 JavaThread "Finalizer" daemon [_thread_blocked, id=7820, stack(0x0000000019110000,0x0000000019210000)]
  0x0000000003285000 JavaThread "Reference Handler" daemon [_thread_blocked, id=31364, stack(0x0000000019010000,0x0000000019110000)]
=>0x0000000003197000 JavaThread "main" [_thread_in_vm, id=33380, stack(0x0000000003090000,0x0000000003190000)]

Other Threads:
  0x0000000017e78000 VMThread [stack: 0x0000000018f10000,0x0000000019010000] [id=2840]
  0x000000001a0aa000 WatcherThread [stack: 0x000000001a800000,0x000000001a900000] [id=21224]

VM state:not at safepoint (normal execution)

VM Mutex/Monitor currently owned by a thread: None

Heap:
 PSYoungGen      total 38400K, used 32040K [0x00000000d5580000, 0x00000000d9000000, 0x0000000100000000)
  eden space 33280K, 81% used [0x00000000d5580000,0x00000000d70141f8,0x00000000d7600000)
  from space 5120K, 94% used [0x00000000d7600000,0x00000000d7ab5e98,0x00000000d7b00000)
  to   space 5120K, 0% used [0x00000000d8b00000,0x00000000d8b00000,0x00000000d9000000)
 ParOldGen       total 56320K, used 6129K [0x0000000080000000, 0x0000000083700000, 0x00000000d5580000)
  object space 56320K, 10% used [0x0000000080000000,0x00000000805fc770,0x0000000083700000)
 Metaspace       used 20866K, capacity 21652K, committed 21760K, reserved 1077248K
  class space    used 2805K, capacity 2982K, committed 3072K, reserved 1048576K

Card table byte_map: [0x0000000012650000,0x0000000012a60000] byte_map_base: 0x0000000012250000

Marking Bits: (ParMarkBitMap*) 0x000000007534b6d0
 Begin Bits: [0x0000000013110000, 0x0000000015110000)
 End Bits:   [0x0000000015110000, 0x0000000017110000)

Polling page: 0x0000000001330000

CodeCache: size=245760Kb used=4249Kb max_used=4249Kb free=241510Kb
 bounds [0x0000000003290000, 0x00000000036c0000, 0x0000000012290000]
 total_blobs=2375 nmethods=1969 adapters=319
 compilation: enabled

Compilation events (10 events):
Event: 2.858 Thread 0x0000000017ebf800 nmethod 1965 0x00000000036b54d0 code [0x00000000036b5620, 0x00000000036b5768]
Event: 2.859 Thread 0x0000000017ebf800 1966       1       org.springframework.asm.MethodVisitor::<init> (47 bytes)
Event: 2.860 Thread 0x0000000017ebf800 nmethod 1966 0x00000000036b5810 code [0x00000000036b5980, 0x00000000036b5b88]
Event: 2.860 Thread 0x0000000017ebf800 1967       1       java.util.LinkedHashSet::<init> (9 bytes)
Event: 2.860 Thread 0x0000000017ebf800 nmethod 1967 0x00000000036b5c50 code [0x00000000036b5de0, 0x00000000036b5fc8]
Event: 2.860 Thread 0x0000000017ebf800 1968       1       org.springframework.util.LinkedMultiValueMap$$Lambda$9/1681595665::apply (5 bytes)
Event: 2.860 Thread 0x0000000017ebf800 nmethod 1968 0x00000000036b60d0 code [0x00000000036b6220, 0x00000000036b6390]
Event: 2.860 Thread 0x0000000017ebf800 1969       1       org.springframework.util.LinkedMultiValueMap::lambda$add$0 (8 bytes)
Event: 2.861 Thread 0x0000000017ebf800 nmethod 1969 0x00000000036b6410 code [0x00000000036b6560, 0x00000000036b66b0]
Event: 2.861 Thread 0x0000000017ebf800 1971       1       org.springframework.asm.ClassReader::readCode (5085 bytes)

GC Heap History (8 events):
Event: 1.504 GC heap before
{Heap before GC invocations=1 (full 0):
 PSYoungGen      total 38400K, used 33280K [0x00000000d5580000, 0x00000000d8000000, 0x0000000100000000)
  eden space 33280K, 100% used [0x00000000d5580000,0x00000000d7600000,0x00000000d7600000)
  from space 5120K, 0% used [0x00000000d7b00000,0x00000000d7b00000,0x00000000d8000000)
  to   space 5120K, 0% used [0x00000000d7600000,0x00000000d7600000,0x00000000d7b00000)
 ParOldGen       total 87552K, used 0K [0x0000000080000000, 0x0000000085580000, 0x00000000d5580000)
  object space 87552K, 0% used [0x0000000080000000,0x0000000080000000,0x0000000085580000)
 Metaspace       used 12021K, capacity 12302K, committed 12416K, reserved 1060864K
  class space    used 1533K, capacity 1629K, committed 1664K, reserved 1048576K
Event: 1.516 GC heap after
Heap after GC invocations=1 (full 0):
 PSYoungGen      total 38400K, used 5104K [0x00000000d5580000, 0x00000000d8000000, 0x0000000100000000)
  eden space 33280K, 0% used [0x00000000d5580000,0x00000000d5580000,0x00000000d7600000)
  from space 5120K, 99% used [0x00000000d7600000,0x00000000d7afc370,0x00000000d7b00000)
  to   space 5120K, 0% used [0x00000000d7b00000,0x00000000d7b00000,0x00000000d8000000)
 ParOldGen       total 87552K, used 403K [0x0000000080000000, 0x0000000085580000, 0x00000000d5580000)
  object space 87552K, 0% used [0x0000000080000000,0x0000000080064f38,0x0000000085580000)
 Metaspace       used 12021K, capacity 12302K, committed 12416K, reserved 1060864K
  class space    used 1533K, capacity 1629K, committed 1664K, reserved 1048576K
}
Event: 1.810 GC heap before
{Heap before GC invocations=2 (full 0):
 PSYoungGen      total 38400K, used 29949K [0x00000000d5580000, 0x00000000d8000000, 0x0000000100000000)
  eden space 33280K, 74% used [0x00000000d5580000,0x00000000d6dc3090,0x00000000d7600000)
  from space 5120K, 99% used [0x00000000d7600000,0x00000000d7afc370,0x00000000d7b00000)
  to   space 5120K, 0% used [0x00000000d7b00000,0x00000000d7b00000,0x00000000d8000000)
 ParOldGen       total 87552K, used 403K [0x0000000080000000, 0x0000000085580000, 0x00000000d5580000)
  object space 87552K, 0% used [0x0000000080000000,0x0000000080064f38,0x0000000085580000)
 Metaspace       used 15420K, capacity 15850K, committed 16000K, reserved 1077248K
  class space    used 1967K, capacity 2105K, committed 2176K, reserved 1048576K
Event: 1.822 GC heap after
Heap after GC invocations=2 (full 0):
 PSYoungGen      total 38400K, used 5100K [0x00000000d5580000, 0x00000000d8000000, 0x0000000100000000)
  eden space 33280K, 0% used [0x00000000d5580000,0x00000000d5580000,0x00000000d7600000)
  from space 5120K, 99% used [0x00000000d7b00000,0x00000000d7ffb010,0x00000000d8000000)
  to   space 5120K, 0% used [0x00000000d7600000,0x00000000d7600000,0x00000000d7b00000)
 ParOldGen       total 87552K, used 1616K [0x0000000080000000, 0x0000000085580000, 0x00000000d5580000)
  object space 87552K, 1% used [0x0000000080000000,0x00000000801941c8,0x0000000085580000)
 Metaspace       used 15420K, capacity 15850K, committed 16000K, reserved 1077248K
  class space    used 1967K, capacity 2105K, committed 2176K, reserved 1048576K
}
Event: 1.822 GC heap before
{Heap before GC invocations=3 (full 1):
 PSYoungGen      total 38400K, used 5100K [0x00000000d5580000, 0x00000000d8000000, 0x0000000100000000)
  eden space 33280K, 0% used [0x00000000d5580000,0x00000000d5580000,0x00000000d7600000)
  from space 5120K, 99% used [0x00000000d7b00000,0x00000000d7ffb010,0x00000000d8000000)
  to   space 5120K, 0% used [0x00000000d7600000,0x00000000d7600000,0x00000000d7b00000)
 ParOldGen       total 87552K, used 1616K [0x0000000080000000, 0x0000000085580000, 0x00000000d5580000)
  object space 87552K, 1% used [0x0000000080000000,0x00000000801941c8,0x0000000085580000)
 Metaspace       used 15420K, capacity 15850K, committed 16000K, reserved 1077248K
  class space    used 1967K, capacity 2105K, committed 2176K, reserved 1048576K
Event: 1.858 GC heap after
Heap after GC invocations=3 (full 1):
 PSYoungGen      total 38400K, used 0K [0x00000000d5580000, 0x00000000d8000000, 0x0000000100000000)
  eden space 33280K, 0% used [0x00000000d5580000,0x00000000d5580000,0x00000000d7600000)
  from space 5120K, 0% used [0x00000000d7b00000,0x00000000d7b00000,0x00000000d8000000)
  to   space 5120K, 0% used [0x00000000d7600000,0x00000000d7600000,0x00000000d7b00000)
 ParOldGen       total 56320K, used 6121K [0x0000000080000000, 0x0000000083700000, 0x00000000d5580000)
  object space 56320K, 10% used [0x0000000080000000,0x00000000805fa770,0x0000000083700000)
 Metaspace       used 15418K, capacity 15844K, committed 16000K, reserved 1073152K
  class space    used 1967K, capacity 2104K, committed 2176K, reserved 1048576K
}
Event: 2.553 GC heap before
{Heap before GC invocations=4 (full 1):
 PSYoungGen      total 38400K, used 33280K [0x00000000d5580000, 0x00000000d8000000, 0x0000000100000000)
  eden space 33280K, 100% used [0x00000000d5580000,0x00000000d7600000,0x00000000d7600000)
  from space 5120K, 0% used [0x00000000d7b00000,0x00000000d7b00000,0x00000000d8000000)
  to   space 5120K, 0% used [0x00000000d7600000,0x00000000d7600000,0x00000000d7b00000)
 ParOldGen       total 56320K, used 6121K [0x0000000080000000, 0x0000000083700000, 0x00000000d5580000)
  object space 56320K, 10% used [0x0000000080000000,0x00000000805fa770,0x0000000083700000)
 Metaspace       used 19211K, capacity 19846K, committed 19968K, reserved 1075200K
  class space    used 2548K, capacity 2717K, committed 2816K, reserved 1048576K
Event: 2.558 GC heap after
Heap after GC invocations=4 (full 1):
 PSYoungGen      total 38400K, used 4823K [0x00000000d5580000, 0x00000000d9000000, 0x0000000100000000)
  eden space 33280K, 0% used [0x00000000d5580000,0x00000000d5580000,0x00000000d7600000)
  from space 5120K, 94% used [0x00000000d7600000,0x00000000d7ab5e98,0x00000000d7b00000)
  to   space 5120K, 0% used [0x00000000d8b00000,0x00000000d8b00000,0x00000000d9000000)
 ParOldGen       total 56320K, used 6129K [0x0000000080000000, 0x0000000083700000, 0x00000000d5580000)
  object space 56320K, 10% used [0x0000000080000000,0x00000000805fc770,0x0000000083700000)
 Metaspace       used 19211K, capacity 19846K, committed 19968K, reserved 1075200K
  class space    used 2548K, capacity 2717K, committed 2816K, reserved 1048576K
}

Deoptimization events (0 events):
No events

Internal exceptions (10 events):
Event: 2.703 Thread 0x0000000003197000 Exception <a 'java/lang/ClassNotFoundException': org/springframework/core/PriorityOrderedCustomizer> (0x00000000d5f836d8) thrown at [C:\re\workspace\8-2-build-windows-amd64-cygwin\jdk8u121\8372\hotspot\src\share\vm\classfile\systemDictionary.cpp, line 210
Event: 2.703 Thread 0x0000000003197000 Exception <a 'java/lang/ClassNotFoundException': org/springframework/core/OrderedCustomizer> (0x00000000d5f98d80) thrown at [C:\re\workspace\8-2-build-windows-amd64-cygwin\jdk8u121\8372\hotspot\src\share\vm\classfile\systemDictionary.cpp, line 210]
Event: 2.704 Thread 0x0000000003197000 Exception <a 'java/lang/ClassNotFoundException': org/springframework/context/ResourceLoaderAwareCustomizer> (0x00000000d5fb4698) thrown at [C:\re\workspace\8-2-build-windows-amd64-cygwin\jdk8u121\8372\hotspot\src\share\vm\classfile\systemDictionary.cpp, l
Event: 2.704 Thread 0x0000000003197000 Exception <a 'java/lang/ClassNotFoundException': org/springframework/beans/factory/AwareCustomizer> (0x00000000d5fcd8a0) thrown at [C:\re\workspace\8-2-build-windows-amd64-cygwin\jdk8u121\8372\hotspot\src\share\vm\classfile\systemDictionary.cpp, line 210]
Event: 2.705 Thread 0x0000000003197000 Exception <a 'java/lang/ClassNotFoundException': org/springframework/beans/factory/BeanClassLoaderAwareCustomizer> (0x00000000d5feaf38) thrown at [C:\re\workspace\8-2-build-windows-amd64-cygwin\jdk8u121\8372\hotspot\src\share\vm\classfile\systemDictionary
Event: 2.705 Thread 0x0000000003197000 Exception <a 'java/lang/ClassNotFoundException': org/springframework/beans/factory/AwareCustomizer> (0x00000000d6004210) thrown at [C:\re\workspace\8-2-build-windows-amd64-cygwin\jdk8u121\8372\hotspot\src\share\vm\classfile\systemDictionary.cpp, line 210]
Event: 2.705 Thread 0x0000000003197000 Exception <a 'java/lang/ClassNotFoundException': org/springframework/context/EnvironmentAwareCustomizer> (0x00000000d601df60) thrown at [C:\re\workspace\8-2-build-windows-amd64-cygwin\jdk8u121\8372\hotspot\src\share\vm\classfile\systemDictionary.cpp, line
Event: 2.706 Thread 0x0000000003197000 Exception <a 'java/lang/ClassNotFoundException': org/springframework/beans/factory/AwareCustomizer> (0x00000000d6037118) thrown at [C:\re\workspace\8-2-build-windows-amd64-cygwin\jdk8u121\8372\hotspot\src\share\vm\classfile\systemDictionary.cpp, line 210]
Event: 2.711 Thread 0x0000000003197000 Exception <a 'java/lang/NoSuchMethodError': java.lang.Object.lambda$comparing$77a9974f$1(Ljava/util/function/Function;Ljava/lang/Object;Ljava/lang/Object;)I> (0x00000000d60725c0) thrown at [C:\re\workspace\8-2-build-windows-amd64-cygwin\jdk8u121\8372\hots
Event: 2.851 Thread 0x0000000003197000 Exception <a 'java/lang/IncompatibleClassChangeError': Found class java.lang.Object, but interface was expected> (0x00000000d6db95c8) thrown at [C:\re\workspace\8-2-build-windows-amd64-cygwin\jdk8u121\8372\hotspot\src\share\vm\interpreter\linkResolver.cpp

Events (10 events):
Event: 2.865 loading class org/springframework/cloud/netflix/ribbon/RibbonClients
Event: 2.865 loading class org/springframework/cloud/netflix/ribbon/RibbonClients done
Event: 2.866 loading class org/springframework/cloud/netflix/ribbon/RibbonClient
Event: 2.866 loading class org/springframework/cloud/netflix/ribbon/RibbonClient done
Event: 2.866 loading class org/springframework/cloud/netflix/ribbon/RibbonClientConfigurationRegistrar
Event: 2.866 loading class org/springframework/cloud/netflix/ribbon/RibbonClientConfigurationRegistrar done
Event: 2.869 loading class org/springframework/boot/autoconfigure/AutoConfigurationSorter$AutoConfigurationClasses
Event: 2.869 loading class org/springframework/boot/autoconfigure/AutoConfigurationSorter$AutoConfigurationClasses done
Event: 2.869 loading class org/springframework/boot/autoconfigure/AutoConfigurationSorter$AutoConfigurationClasses
Event: 2.869 loading class org/springframework/boot/autoconfigure/AutoConfigurationSorter$AutoConfigurationClasses done


Dynamic libraries:
0x00007ff669060000 - 0x00007ff669097000 	C:\Program Files\Java\jre1.8.0_121\bin\javaw.exe
0x00007ffff2f10000 - 0x00007ffff30f1000 	C:\WINDOWS\SYSTEM32\ntdll.dll
0x00007ffff0b20000 - 0x00007ffff0bd2000 	C:\WINDOWS\System32\KERNEL32.DLL
0x00007fffef3d0000 - 0x00007fffef643000 	C:\WINDOWS\System32\KERNELBASE.dll
0x00007ffff05f0000 - 0x00007ffff0691000 	C:\WINDOWS\System32\ADVAPI32.dll
0x00007ffff0be0000 - 0x00007ffff0c7e000 	C:\WINDOWS\System32\msvcrt.dll
0x00007ffff0e40000 - 0x00007ffff0e9b000 	C:\WINDOWS\System32\sechost.dll
0x00007ffff12b0000 - 0x00007ffff13d4000 	C:\WINDOWS\System32\RPCRT4.dll
0x00007ffff10b0000 - 0x00007ffff1240000 	C:\WINDOWS\System32\USER32.dll
0x00007ffff0060000 - 0x00007ffff0080000 	C:\WINDOWS\System32\win32u.dll
0x00007ffff0440000 - 0x00007ffff0468000 	C:\WINDOWS\System32\GDI32.dll
0x00007fffefe60000 - 0x00007fffefff2000 	C:\WINDOWS\System32\gdi32full.dll
0x00007fffef2e0000 - 0x00007fffef37f000 	C:\WINDOWS\System32\msvcp_win.dll
0x00007fffefd60000 - 0x00007fffefe5a000 	C:\WINDOWS\System32\ucrtbase.dll
0x00007fffed460000 - 0x00007fffed6c9000 	C:\WINDOWS\WinSxS\amd64_microsoft.windows.common-controls_6595b64144ccf1df_6.0.17134.286_none_fb43982d306480cc\COMCTL32.dll
0x00007ffff2b40000 - 0x00007ffff2e63000 	C:\WINDOWS\System32\combase.dll
0x00007ffff0080000 - 0x00007ffff00fa000 	C:\WINDOWS\System32\bcryptPrimitives.dll
0x00007ffff06a0000 - 0x00007ffff06cd000 	C:\WINDOWS\System32\IMM32.DLL
0x00007fffef0c0000 - 0x00007fffef11d000 	C:\Program Files\Citrix\System32\MfApHook64.dll
0x00007fffee820000 - 0x00007fffee84b000 	C:\Program Files\Citrix\ICAService\CtxDodHook64.dll
0x00007fffeefe0000 - 0x00007fffef012000 	C:\Program Files\Citrix\ICAService\picaFullScreenHookX64.dll
0x00007fffeea20000 - 0x00007fffeea6e000 	C:\Program Files\Citrix\ICAService\ShellHook64.dll
0x00007ffff1700000 - 0x00007ffff2b40000 	C:\WINDOWS\System32\SHELL32.dll
0x00007fffef380000 - 0x00007fffef3c9000 	C:\WINDOWS\System32\cfgmgr32.dll
0x00007ffff1000000 - 0x00007ffff10a9000 	C:\WINDOWS\System32\shcore.dll
0x00007fffef650000 - 0x00007fffefd5d000 	C:\WINDOWS\System32\windows.storage.dll
0x00007ffff1250000 - 0x00007ffff12a1000 	C:\WINDOWS\System32\shlwapi.dll
0x00007fffef2a0000 - 0x00007fffef2b1000 	C:\WINDOWS\System32\kernel.appcore.dll
0x00007fffef270000 - 0x00007fffef28f000 	C:\WINDOWS\System32\profapi.dll
0x00007fffef220000 - 0x00007fffef26c000 	C:\WINDOWS\System32\powrprof.dll
0x00007fffef290000 - 0x00007fffef29a000 	C:\WINDOWS\System32\FLTLIB.DLL
0x00007fffee850000 - 0x00007fffee9cc000 	C:\Program Files\Citrix\ICAService\SCardHook64.dll
0x00007fffee520000 - 0x00007fffee54a000 	C:\Program Files\Citrix\ICAService\cxinjime64.dll
0x00007fffee4d0000 - 0x00007fffee518000 	C:\Program Files\Citrix\ICAService\PicaWtsHook64.dll
0x0000000074600000 - 0x00000000746d2000 	C:\Program Files\Java\jre1.8.0_121\bin\msvcr100.dll
0x0000000074b30000 - 0x00000000753cb000 	C:\Program Files\Java\jre1.8.0_121\bin\server\jvm.dll
0x00007ffff16f0000 - 0x00007ffff16f8000 	C:\WINDOWS\System32\PSAPI.DLL
0x00007fffebd80000 - 0x00007fffebda3000 	C:\WINDOWS\SYSTEM32\WINMM.dll
0x00007fffeeed0000 - 0x00007fffeeeda000 	C:\WINDOWS\SYSTEM32\VERSION.dll
0x00007fffde5b0000 - 0x00007fffde5b9000 	C:\WINDOWS\SYSTEM32\WSOCK32.dll
0x00007fffebd50000 - 0x00007fffebd7a000 	C:\WINDOWS\SYSTEM32\WINMMBASE.dll
0x00007ffff0ce0000 - 0x00007ffff0d4c000 	C:\WINDOWS\System32\WS2_32.dll
0x0000000075540000 - 0x000000007554f000 	C:\Program Files\Java\jre1.8.0_121\bin\verify.dll
0x0000000075510000 - 0x0000000075539000 	C:\Program Files\Java\jre1.8.0_121\bin\java.dll
0x0000000074b10000 - 0x0000000074b26000 	C:\Program Files\Java\jre1.8.0_121\bin\zip.dll
0x0000000074440000 - 0x000000007444d000 	C:\Program Files\Java\jre1.8.0_121\bin\management.dll
0x00000000748d0000 - 0x00000000748ea000 	C:\Program Files\Java\jre1.8.0_121\bin\net.dll
0x00007fffedf10000 - 0x00007fffedf76000 	C:\WINDOWS\system32\mswsock.dll
0x00000000748b0000 - 0x00000000748c1000 	C:\Program Files\Java\jre1.8.0_121\bin\nio.dll
0x00007fffe3310000 - 0x00007fffe3326000 	C:\WINDOWS\system32\napinsp.dll
0x00007fffe32f0000 - 0x00007fffe330a000 	C:\WINDOWS\system32\pnrpnsp.dll
0x00007fffe9c20000 - 0x00007fffe9c39000 	C:\WINDOWS\system32\NLAapi.dll
0x00007fffedcd0000 - 0x00007fffedd8e000 	C:\WINDOWS\SYSTEM32\DNSAPI.dll
0x00007ffff1240000 - 0x00007ffff1248000 	C:\WINDOWS\System32\NSI.dll
0x00007fffedc90000 - 0x00007fffedcc8000 	C:\WINDOWS\SYSTEM32\IPHLPAPI.DLL
0x00007fffe3330000 - 0x00007fffe333e000 	C:\WINDOWS\System32\winrnr.dll
0x00007fffe42d0000 - 0x00007fffe42da000 	C:\Windows\System32\rasadhlp.dll
0x00007fffe4550000 - 0x00007fffe45c2000 	C:\WINDOWS\System32\fwpuclnt.dll
0x00007fffeea90000 - 0x00007fffeeab5000 	C:\WINDOWS\SYSTEM32\bcrypt.dll
0x00007fffee0c0000 - 0x00007fffee0d7000 	C:\WINDOWS\SYSTEM32\CRYPTSP.dll
0x00007fffedaf0000 - 0x00007fffedb23000 	C:\WINDOWS\system32\rsaenh.dll
0x00007fffef120000 - 0x00007fffef148000 	C:\WINDOWS\SYSTEM32\USERENV.dll
0x00007fffee0e0000 - 0x00007fffee0eb000 	C:\WINDOWS\SYSTEM32\CRYPTBASE.dll
0x00007fffe4530000 - 0x00007fffe4546000 	C:\WINDOWS\SYSTEM32\dhcpcsvc6.DLL
0x00007fffe4510000 - 0x00007fffe452a000 	C:\WINDOWS\SYSTEM32\dhcpcsvc.DLL

VM Arguments:
jvm_args: -Dcom.sun.management.jmxremote -Dcom.sun.management.jmxremote.port=51940 -Dcom.sun.management.jmxremote.authenticate=false -Dcom.sun.management.jmxremote.ssl=false -Djava.rmi.server.hostname=localhost -Dspring.liveBeansView.mbeanDomain -Dspring.application.admin.enabled=true -Xverify:none -XX:TieredStopAtLevel=1 -Dfile.encoding=UTF-8 
java_command: com.cg.ecdm.ExpenseClaimDetailsModuleApplication --spring.output.ansi.enabled=always
java_class_path (initial): C:\Users\anabajpa\Desktop\FAQ\plp\demo\target\classes;C:\Users\anabajpa\.m2\repository\org\springframework\boot\spring-boot-starter-web\2.1.1.RELEASE\spring-boot-starter-web-2.1.1.RELEASE.jar;C:\Users\anabajpa\.m2\repository\org\springframework\boot\spring-boot-starter\2.1.1.RELEASE\spring-boot-starter-2.1.1.RELEASE.jar;C:\Users\anabajpa\.m2\repository\org\springframework\boot\spring-boot\2.1.1.RELEASE\spring-boot-2.1.1.RELEASE.jar;C:\Users\anabajpa\.m2\repository\org\springframework\boot\spring-boot-autoconfigure\2.1.1.RELEASE\spring-boot-autoconfigure-2.1.1.RELEASE.jar;C:\Users\anabajpa\.m2\repository\org\springframework\boot\spring-boot-starter-logging\2.1.1.RELEASE\spring-boot-starter-logging-2.1.1.RELEASE.jar;C:\Users\anabajpa\.m2\repository\ch\qos\logback\logback-classic\1.2.3\logback-classic-1.2.3.jar;C:\Users\anabajpa\.m2\repository\ch\qos\logback\logback-core\1.2.3\logback-core-1.2.3.jar;C:\Users\anabajpa\.m2\repository\org\apache\logging\log4j\log4j-to-slf4j\2.11.1\log4j-to-slf4j-2.11.1.jar;C:\Users\anabajpa\.m2\repository\org\apache\logging\log4j\log4j-api\2.11.1\log4j-api-2.11.1.jar;C:\Users\anabajpa\.m2\repository\org\slf4j\jul-to-slf4j\1.7.25\jul-to-slf4j-1.7.25.jar;C:\Users\anabajpa\.m2\repository\javax\annotation\javax.annotation-api\1.3.2\javax.annotation-api-1.3.2.jar;C:\Users\anabajpa\.m2\repository\org\yaml\snakeyaml\1.23\snakeyaml-1.23.jar;C:\Users\anabajpa\.m2\repository\org\springframework\boot\spring-boot-starter-json\2.1.1.RELEASE\spring-boot-starter-json-2.1.1.RELEASE.jar;C:\Users\anabajpa\.m2\repository\com\fasterxml\jackson\core\jackson-databind\2.9.7\jackson-databind-2.9.7.jar;C:\Users\anabajpa\.m2\repository\com\fasterxml\jackson\datatype\jackson-datatype-jdk8\2.9.7\jackson-datatype-jdk8-2.9.7.jar;C:\Users\anabajpa\.m2\repository\com\fasterxml\jackson\datatype\jackson-datatype-jsr310\2.9.7\jackson-datatype-jsr310-2.9.7.jar;C:\Users\anabajpa\.m2\repository\com\fasterxml\jackson\module\jackson-module-parameter
Launcher Type: SUN_STANDARD

Environment Variables:
PATH=C:/Program Files/Java/jre1.8.0_121/bin/server;C:/Program Files/Java/jre1.8.0_121/bin;C:/Program Files/Java/jre1.8.0_121/lib/amd64;C:\Python34\;C:\Python34\Scripts;C:\oraclexe\app\oracle\product\11.2.0\server\bin;C:\ProgramData\Oracle\Java\javapath;C:\WINDOWS\system32;C:\WINDOWS;C:\WINDOWS\System32\Wbem;C:\WINDOWS\System32\WindowsPowerShell\v1.0\;C:\Program Files\TortoiseSVN\bin;C:\Program Files\Git\cmd;C:\Program Files (x86)\Microsoft SQL Server\110\Tools\Binn\ManagementStudio\;C:\Program Files (x86)\Microsoft SQL Server\110\Tools\Binn\;C:\Program Files (x86)\Microsoft SQL Server\110\DTS\Binn\;C:\Program Files\Citrix\System32\;C:\Program Files\Citrix\ICAService\;C:\WINDOWS\System32\OpenSSH\;C:\Program Files\nodejs\;C:\Users\anabajpa\AppData\Local\Microsoft\WindowsApps;C:\Users\anabajpa\AppData\Roaming\npm;C:\Users\anabajpa\Desktop\newsts\sts-bundle\sts-3.9.6.RELEASE;
USERNAME=anabajpa
OS=Windows_NT
PROCESSOR_IDENTIFIER=Intel64 Family 15 Model 6 Stepping 1, GenuineIntel



---------------  S Y S T E M  ---------------

OS: Windows 10.0 , 64 bit Build 17134 (10.0.17134.1)

CPU:total 4 (2 cores per cpu, 1 threads per core) family 15 model 6 stepping 1, cmov, cx8, fxsr, mmx, sse, sse2, sse3, ssse3, sse4.1, sse4.2, popcnt, avx, avx2, aes, clmul, erms, rtm, 3dnowpref, lzcnt, tsc, bmi1, bmi2, adx

Memory: 4k page, physical 8388056k(927604k free), swap 18697820k(4120k free)

vm_info: Java HotSpot(TM) 64-Bit Server VM (25.121-b13) for windows-amd64 JRE (1.8.0_121-b13), built on Dec 12 2016 18:21:36 by "java_re" with MS VC++ 10.0 (VS2010)

time: Tue Dec 11 17:34:30 2018
elapsed time: 2 seconds (0d 0h 0m 2s)

